Arguments: 
  C:\Program Files\nodejs\node.exe C:\Users\hiromi-kohara\AppData\Roaming\npm\node_modules\yarn\bin\yarn.js install

PATH: 
  C:\Users\hiromi-kohara\source\repos\md-link-generator\node_modules\.bin;C:\Users\hiromi-kohara\source\repos\node_modules\.bin;C:\Users\hiromi-kohara\source\node_modules\.bin;C:\Users\hiromi-kohara\node_modules\.bin;C:\Users\node_modules\.bin;C:\node_modules\.bin;C:\Users\hiromi-kohara\AppData\Roaming\npm\node_modules\npm\node_modules\@npmcli\run-script\lib\node-gyp-bin;C:\app\client\product\19.0.0\client_1\bin;C:\Program Files\NVIDIA GPU Computing Toolkit\CUDA\v11.4\bin;C:\Program Files\NVIDIA GPU Computing Toolkit\CUDA\v11.4\libnvvp;C:\WINDOWS\system32;C:\WINDOWS;C:\WINDOWS\System32\Wbem;C:\WINDOWS\System32\WindowsPowerShell\v1.0\;C:\WINDOWS\System32\OpenSSH\;C:\Program Files (x86)\Intel\Intel(R) Management Engine Components\DAL;C:\Program Files\Intel\Intel(R) Management Engine Components\DAL;C:\Program Files\Microsoft SQL Server\130\Tools\Binn\;C:\Program Files\Git\cmd;C:\Program Files\nodejs\;C:\Users\hiromi-kohara\AppData\Local\Programs\Python\Python38;C:\Program Files\Microsoft SQL Server\Client SDK\ODBC\170\Tools\Binn\;C:\Program Files (x86)\Microsoft SQL Server\150\DTS\Binn\;C:\Program Files\Azure Data Studio\bin;C:\Program Files\Docker\Docker\resources\bin;C:\ProgramData\DockerDesktop\version-bin;C:\Program Files\Microsoft SQL Server\140\Tools\Binn\;C:\Program Files\NVIDIA Corporation\Nsight Compute 2021.2.2\;C:\Program Files (x86)\NVIDIA Corporation\PhysX\Common;C:\Program Files\Microsoft SQL Server\150\Tools\Binn\;C:\Program Files\dotnet\;C:\Program Files\Microsoft\Web Platform Installer\;C:\Users\hiromi-kohara\scoop\shims;C:\Users\hiromi-kohara\AppData\Local\Microsoft\WindowsApps;C:\Users\hiromi-kohara\.dotnet\tools;C:\Users\hiromi-kohara\AppData\Local\Programs\Microsoft VS Code\bin;C:\Users\hiromi-kohara\AppData\Roaming\npm;C:\Program Files\JetBrains\JetBrains Rider 2021.1.5\bin;C:\Users\hiromi-kohara\.dotnet\tools;C:\Program Files\Microsoft Visual Studio\2022\Enterprise\Common7\IDE\Extensions\Microsoft\Azure Storage Emulator;C:\Program Files\JetBrains\IntelliJ IDEA 2022.1.1\bin;C:\Users\hiromi-kohara\source\repos\node_modules\.bin

Yarn version: 
  1.22.4

Node version: 
  12.18.3

Platform: 
  win32 x64

Trace: 
  Error: https://registry.yarnpkg.com/@types%2fvscode: tunneling socket could not be established, statusCode=407
      at ClientRequest.onConnect (C:\Users\hiromi-kohara\AppData\Roaming\npm\node_modules\yarn\lib\cli.js:152223:19)
      at Object.onceWrapper (events.js:422:26)
      at ClientRequest.emit (events.js:315:20)
      at Socket.socketOnData (_http_client.js:503:11)
      at Socket.emit (events.js:315:20)
      at addChunk (_stream_readable.js:295:12)
      at readableAddChunk (_stream_readable.js:271:9)
      at Socket.Readable.push (_stream_readable.js:212:10)
      at TCP.onStreamRead (internal/stream_base_commons.js:186:23)

npm manifest: 
  {
    "name": "md-link-generator",
  	"displayName": "md-link-generator",
  	"description": "Automatically create the link on the word that relevants to paragraph.",
  	"version": "0.0.1",
  	"engines": {
  		"vscode": "^1.54.0"
  	},
  	"categories": [
  		"Other"
  	],
  	"activationEvents": [
          "onCommand:md-link-generator.helloWorld"
  	],
  	"main": "./out/extension.js",
  	"contributes": {
  		"commands": [
  			{
  				"command": "md-link-generator.helloWorld",
  				"title": "Hello World"
  			}
  		]
  	},
  	"scripts": {
  		"vscode:prepublish": "yarn run compile",
  		"compile": "tsc -p ./",
  		"watch": "tsc -watch -p ./",
  		"pretest": "yarn run compile && yarn run lint",
  		"lint": "eslint src --ext ts",
  		"test": "node ./out/test/runTest.js"
  	},
  	"devDependencies": {
  		"@types/vscode": "^1.54.0",
  		"@types/glob": "^7.2.0",
  		"@types/mocha": "^9.1.1",
  		"@types/node": "14.x",
  		"@typescript-eslint/eslint-plugin": "^5.21.0",
  		"@typescript-eslint/parser": "^5.21.0",
  		"eslint": "^8.14.0",
  		"glob": "^8.0.1",
  		"mocha": "^9.2.2",
  		"typescript": "^4.6.4",
  		"@vscode/test-electron": "^2.1.3"
  	}
  }

yarn manifest: 
  No manifest

Lockfile: 
  No lockfile
